[main 88b6db0] Pulse 2026-03-11
 3 files changed, 3 insertions(+), 3 deletions(-)
 create mode 100644 pulse.log
 create mode 100644 pulse_error.log
✅ Card built for 2026-03-11
✅ Pushed to GitHub — Vercel deploying now
🔗 https://pulse-ruddy-three.vercel.app
On branch main
Your branch is up to date with 'origin/main'.

nothing to commit, working tree clean
✅ Both cards built for 2026-03-12
ℹ️  Nothing new to push — cards already live
🔗 Your card:   https://pulse-ruddy-three.vercel.app/me
🔗 Her card:    https://pulse-ruddy-three.vercel.app
[main 1f514bd] Pulse 2026-03-13
 5 files changed, 195 insertions(+), 49 deletions(-)
 create mode 100644 __pycache__/pulse_builder.cpython-310.pyc
✅ Both cards built for 2026-03-13
   Yemi bg: y4_dome.jpg  |  Ideka bg: i4_earrings.jpg
✅ Pushed to GitHub
🔗 Your card:   https://pulse-ruddy-three.vercel.app/me
🔗 Her card:    https://pulse-ruddy-three.vercel.app
[main 81c8307] Pulse 2026-03-14
 6 files changed, 408 insertions(+), 12 deletions(-)
✅ Both cards built for 2026-03-14
   Yemi bg: y5_chandelier_overhead.jpg  |  Ideka bg: i5_clutch_perfume.jpg
✅ Pushed to GitHub
🔗 Your card:   https://pulse-ruddy-three.vercel.app/me
🔗 Her card:    https://pulse-ruddy-three.vercel.app
